Build started 4/20/2015 10:59:32 AM.
     1>Project "D:\Github\R2DEngine\R2DEngine\R2DEngine\R2DEngine.vcxproj" on node 2 (Build target(s)).
     1>ClCompile:
         C:\Program Files (x86)\Microsoft Visual Studio 12.0\VC\bin\CL.exe /c /ILibraries\soil\src /ILibraries\glfw\include /ILibraries\glew\include /ILibraries\glm /Zi /nologo /W3 /WX- /sdl /O2 /Oi /Oy- /GL /D _MBCS /Gm- /EHsc /MD /GS /Gy /fp:precise /Zc:wchar_t /Zc:forScope /Fo"Release\\" /Fd"Release\vc120.pdb" /Gd /TP /analyze- /errorReport:prompt AsteroidSpawner.cpp Cannon.cpp CircleCollider.cpp GameObject.cpp GameScene.cpp Main.cpp PhysicsEngine.cpp R2DComponent.cpp R2DEngine.cpp R2DGame.cpp R2DScene.cpp R2DScript.cpp RenderEngine.cpp Rigidbody2D.cpp RocketCommand.cpp Scene2.cpp SpriteRenderer.cpp TimedAction.cpp TimedDestroy.cpp Transform.cpp
         AsteroidSpawner.cpp
         Cannon.cpp
         CircleCollider.cpp
         GameObject.cpp
         GameScene.cpp
         Main.cpp
         PhysicsEngine.cpp
         R2DComponent.cpp
         R2DEngine.cpp
         R2DGame.cpp
         R2DScene.cpp
         R2DScript.cpp
         RenderEngine.cpp
         Rigidbody2D.cpp
         RocketCommand.cpp
         Scene2.cpp
         SpriteRenderer.cpp
         TimedAction.cpp
         TimedDestroy.cpp
         Transform.cpp
       Link:
         C:\Program Files (x86)\Microsoft Visual Studio 12.0\VC\bin\link.exe /ERRORREPORT:PROMPT /OUT:"D:\Github\R2DEngine\R2DEngine\Release\R2DEngine.exe" /NOLOGO /LIBPATH:Libraries\soil\lib /LIBPATH:Libraries\glfw\lib /LIBPATH:Libraries\glew\lib glfw3.lib opengl32.lib glew32sd.lib SOIL.lib kernel32.lib user32.lib gdi32.lib winspool.lib comdlg32.lib advapi32.lib shell32.lib ole32.lib oleaut32.lib uuid.lib odbc32.lib odbccp32.lib /MANIFEST /MANIFESTUAC:"level='asInvoker' uiAccess='false'" /manifest:embed /DEBUG /PDB:"D:\Github\R2DEngine\R2DEngine\Release\R2DEngine.pdb" /OPT:REF /OPT:ICF /LTCG /TLBID:1 /DYNAMICBASE /NXCOMPAT /IMPLIB:"D:\Github\R2DEngine\R2DEngine\Release\R2DEngine.lib" /MACHINE:X86 /SAFESEH Release\CircleCollider.obj
         Release\Collider.obj
         Release\RectCollider.obj
         Release\SpriteAnimator.obj
         Release\AssetPaths.obj
         Release\AsteroidSpawner.obj
         Release\Cannon.obj
         Release\Colour.obj
         Release\FileManager.obj
         Release\GameConfig.obj
         Release\GameObject.obj
         Release\GameScene.obj
         Release\PhysicsEngine.obj
         Release\R2DComponent.obj
         Release\R2DGame.obj
         Release\R2DScene.obj
         Release\R2DScript.obj
         Release\RDebug.obj
         Release\Main.obj
         Release\R2DEngine.obj
         Release\RenderEngine.obj
         Release\Rigidbody2D.obj
         Release\RInput.obj
         Release\RRandom.obj
         Release\RString.obj
         Release\RTime.obj
         Release\RVector.obj
         Release\Scene2.obj
         Release\Screen.obj
         Release\Shader.obj
         Release\ShaderManager.obj
         Release\SpriteRenderer.obj
         Release\Texture.obj
         Release\TextureManager.obj
         Release\RocketCommand.obj
         Release\TimedAction.obj
         Release\TimedDestroy.obj
         Release\Transform.obj
     1>SOIL.lib(SOIL.obj) : warning LNK4075: ignoring '/EDITANDCONTINUE' due to '/OPT:ICF' specification
     1>LINK : warning LNK4098: defaultlib 'MSVCRTD' conflicts with use of other libs; use /NODEFAULTLIB:library
         Generating code
         Finished generating code
     1>glfw3.lib(context.obj) : warning LNK4099: PDB 'vc120.pdb' was not found with 'glfw3.lib(context.obj)' or at 'D:\Github\R2DEngine\R2DEngine\Release\vc120.pdb'; linking object as if no debug info
     1>glfw3.lib(init.obj) : warning LNK4099: PDB 'vc120.pdb' was not found with 'glfw3.lib(init.obj)' or at 'D:\Github\R2DEngine\R2DEngine\Release\vc120.pdb'; linking object as if no debug info
     1>glfw3.lib(input.obj) : warning LNK4099: PDB 'vc120.pdb' was not found with 'glfw3.lib(input.obj)' or at 'D:\Github\R2DEngine\R2DEngine\Release\vc120.pdb'; linking object as if no debug info
     1>glfw3.lib(monitor.obj) : warning LNK4099: PDB 'vc120.pdb' was not found with 'glfw3.lib(monitor.obj)' or at 'D:\Github\R2DEngine\R2DEngine\Release\vc120.pdb'; linking object as if no debug info
     1>glfw3.lib(window.obj) : warning LNK4099: PDB 'vc120.pdb' was not found with 'glfw3.lib(window.obj)' or at 'D:\Github\R2DEngine\R2DEngine\Release\vc120.pdb'; linking object as if no debug info
     1>glfw3.lib(win32_init.obj) : warning LNK4099: PDB 'vc120.pdb' was not found with 'glfw3.lib(win32_init.obj)' or at 'D:\Github\R2DEngine\R2DEngine\Release\vc120.pdb'; linking object as if no debug info
     1>glfw3.lib(win32_monitor.obj) : warning LNK4099: PDB 'vc120.pdb' was not found with 'glfw3.lib(win32_monitor.obj)' or at 'D:\Github\R2DEngine\R2DEngine\Release\vc120.pdb'; linking object as if no debug info
     1>glfw3.lib(win32_time.obj) : warning LNK4099: PDB 'vc120.pdb' was not found with 'glfw3.lib(win32_time.obj)' or at 'D:\Github\R2DEngine\R2DEngine\Release\vc120.pdb'; linking object as if no debug info
     1>glfw3.lib(win32_tls.obj) : warning LNK4099: PDB 'vc120.pdb' was not found with 'glfw3.lib(win32_tls.obj)' or at 'D:\Github\R2DEngine\R2DEngine\Release\vc120.pdb'; linking object as if no debug info
     1>glfw3.lib(win32_window.obj) : warning LNK4099: PDB 'vc120.pdb' was not found with 'glfw3.lib(win32_window.obj)' or at 'D:\Github\R2DEngine\R2DEngine\Release\vc120.pdb'; linking object as if no debug info
     1>glfw3.lib(winmm_joystick.obj) : warning LNK4099: PDB 'vc120.pdb' was not found with 'glfw3.lib(winmm_joystick.obj)' or at 'D:\Github\R2DEngine\R2DEngine\Release\vc120.pdb'; linking object as if no debug info
     1>glfw3.lib(wgl_context.obj) : warning LNK4099: PDB 'vc120.pdb' was not found with 'glfw3.lib(wgl_context.obj)' or at 'D:\Github\R2DEngine\R2DEngine\Release\vc120.pdb'; linking object as if no debug info
     1>glew32sd.lib(glew.obj) : warning LNK4099: PDB 'vc120.pdb' was not found with 'glew32sd.lib(glew.obj)' or at 'D:\Github\R2DEngine\R2DEngine\Release\vc120.pdb'; linking object as if no debug info
     1>SOIL.lib(image_DXT.obj) : warning LNK4099: PDB 'vc120.pdb' was not found with 'SOIL.lib(image_DXT.obj)' or at 'D:\Github\R2DEngine\R2DEngine\Release\vc120.pdb'; linking object as if no debug info
     1>SOIL.lib(image_helper.obj) : warning LNK4099: PDB 'vc120.pdb' was not found with 'SOIL.lib(image_helper.obj)' or at 'D:\Github\R2DEngine\R2DEngine\Release\vc120.pdb'; linking object as if no debug info
     1>SOIL.lib(SOIL.obj) : warning LNK4099: PDB 'vc120.pdb' was not found with 'SOIL.lib(SOIL.obj)' or at 'D:\Github\R2DEngine\R2DEngine\Release\vc120.pdb'; linking object as if no debug info
     1>SOIL.lib(stb_image_aug.obj) : warning LNK4099: PDB 'vc120.pdb' was not found with 'SOIL.lib(stb_image_aug.obj)' or at 'D:\Github\R2DEngine\R2DEngine\Release\vc120.pdb'; linking object as if no debug info
         R2DEngine.vcxproj -> D:\Github\R2DEngine\R2DEngine\Release\R2DEngine.exe
     1>Done Building Project "D:\Github\R2DEngine\R2DEngine\R2DEngine\R2DEngine.vcxproj" (Build target(s)).

Build succeeded.

Time Elapsed 00:00:13.49
